0 info it worked if it ends with ok
1 verbose cli [ 'C:\\Program Files (x86)\\nodejs\\\\node.exe',
1 verbose cli   'C:\\Program Files (x86)\\nodejs\\node_modules\\npm\\bin\\npm-cli.js',
1 verbose cli   'install',
1 verbose cli   'bcrypt' ]
2 info using npm@2.7.4
3 info using node@v0.12.2
4 verbose node symlink C:\Program Files (x86)\nodejs\\node.exe
5 silly cache add args [ 'bcrypt', null ]
6 verbose cache add spec bcrypt
7 silly cache add parsed spec { raw: 'bcrypt',
7 silly cache add   scope: null,
7 silly cache add   name: 'bcrypt',
7 silly cache add   rawSpec: '',
7 silly cache add   spec: '*',
7 silly cache add   type: 'range' }
8 verbose addNamed bcrypt@*
9 silly addNamed semver.valid null
10 silly addNamed semver.validRange *
11 silly addNameRange { name: 'bcrypt', range: '*', hasData: false }
12 silly mapToRegistry name bcrypt
13 silly mapToRegistry using default registry
14 silly mapToRegistry registry https://registry.npmjs.org/
15 silly mapToRegistry uri https://registry.npmjs.org/bcrypt
16 verbose addNameRange registry:https://registry.npmjs.org/bcrypt not in flight; fetching
17 verbose request uri https://registry.npmjs.org/bcrypt
18 verbose request no auth needed
19 info attempt registry request try #1 at 23:32:31
20 verbose request id 75b35e5ee68cb583
21 verbose etag "6UCMSUJZ5IXVB23V76HOLPAUR"
22 http request GET https://registry.npmjs.org/bcrypt
23 http 304 https://registry.npmjs.org/bcrypt
24 silly get cb [ 304,
24 silly get   { date: 'Mon, 09 May 2016 14:32:34 GMT',
24 silly get     via: '1.1 varnish',
24 silly get     'cache-control': 'max-age=300',
24 silly get     etag: '"6UCMSUJZ5IXVB23V76HOLPAUR"',
24 silly get     age: '50',
24 silly get     connection: 'keep-alive',
24 silly get     'x-served-by': 'cache-nrt6133-NRT',
24 silly get     'x-cache': 'HIT',
24 silly get     'x-cache-hits': '51',
24 silly get     'x-timer': 'S1462804354.893336,VS0,VE0',
24 silly get     vary: 'Accept-Encoding' } ]
25 verbose etag https://registry.npmjs.org/bcrypt from cache
26 verbose get saving bcrypt to C:\Users\ktate\AppData\Roaming\npm-cache\registry.npmjs.org\bcrypt\.cache.json
27 silly addNameRange number 2 { name: 'bcrypt', range: '*', hasData: true }
28 silly addNameRange versions [ 'bcrypt',
28 silly addNameRange   [ '0.1.2',
28 silly addNameRange     '0.2.0',
28 silly addNameRange     '0.2.1',
28 silly addNameRange     '0.1.3',
28 silly addNameRange     '0.2.2',
28 silly addNameRange     '0.2.3',
28 silly addNameRange     '0.2.4',
28 silly addNameRange     '0.3.0',
28 silly addNameRange     '0.3.1',
28 silly addNameRange     '0.3.2',
28 silly addNameRange     '0.4.0',
28 silly addNameRange     '0.4.1',
28 silly addNameRange     '0.5.0',
28 silly addNameRange     '0.6.0',
28 silly addNameRange     '0.7.0',
28 silly addNameRange     '0.7.1',
28 silly addNameRange     '0.7.2',
28 silly addNameRange     '0.7.3',
28 silly addNameRange     '0.7.4',
28 silly addNameRange     '0.7.5',
28 silly addNameRange     '0.7.6',
28 silly addNameRange     '0.7.7',
28 silly addNameRange     '0.7.8',
28 silly addNameRange     '0.8.0',
28 silly addNameRange     '0.8.1',
28 silly addNameRange     '0.8.2',
28 silly addNameRange     '0.8.3',
28 silly addNameRange     '0.8.4',
28 silly addNameRange     '0.8.5',
28 silly addNameRange     '0.8.6' ] ]
29 verbose addNamed bcrypt@0.8.6
30 silly addNamed semver.valid 0.8.6
31 silly addNamed semver.validRange 0.8.6
32 silly cache afterAdd bcrypt@0.8.6
33 verbose afterAdd C:\Users\ktate\AppData\Roaming\npm-cache\bcrypt\0.8.6\package\package.json not in flight; writing
34 verbose afterAdd C:\Users\ktate\AppData\Roaming\npm-cache\bcrypt\0.8.6\package\package.json written
35 silly install resolved [ { name: 'bcrypt',
35 silly install resolved     description: 'A bcrypt library for NodeJS.',
35 silly install resolved     keywords:
35 silly install resolved      [ 'bcrypt',
35 silly install resolved        'password',
35 silly install resolved        'auth',
35 silly install resolved        'authentication',
35 silly install resolved        'encryption',
35 silly install resolved        'crypt',
35 silly install resolved        'crypto' ],
35 silly install resolved     main: './bcrypt',
35 silly install resolved     version: '0.8.6',
35 silly install resolved     author: { name: 'Nick Campbell', url: 'https://github.com/ncb000gt' },
35 silly install resolved     engines: { node: '>= 0.6.0' },
35 silly install resolved     repository:
35 silly install resolved      { type: 'git',
35 silly install resolved        url: 'git+https://github.com/ncb000gt/node.bcrypt.js.git' },
35 silly install resolved     license: 'MIT',
35 silly install resolved     bugs: { url: 'https://github.com/ncb000gt/node.bcrypt.js/issues' },
35 silly install resolved     scripts:
35 silly install resolved      { test: 'node-gyp configure build && nodeunit test',
35 silly install resolved        install: 'node-gyp rebuild' },
35 silly install resolved     dependencies: { bindings: '1.2.1', nan: '2.2.1' },
35 silly install resolved     devDependencies: { nodeunit: '~0.9.1' },
35 silly install resolved     contributors:
35 silly install resolved      [ [Object],
35 silly install resolved        [Object],
35 silly install resolved        [Object],
35 silly install resolved        [Object],
35 silly install resolved        [Object],
35 silly install resolved        [Object],
35 silly install resolved        [Object],
35 silly install resolved        [Object],
35 silly install resolved        [Object],
35 silly install resolved        [Object],
35 silly install resolved        [Object],
35 silly install resolved        [Object],
35 silly install resolved        [Object],
35 silly install resolved        [Object] ],
35 silly install resolved     gypfile: true,
35 silly install resolved     gitHead: '10f0f99232cea96446e95bf128f718b87aec3237',
35 silly install resolved     homepage: 'https://github.com/ncb000gt/node.bcrypt.js#readme',
35 silly install resolved     _id: 'bcrypt@0.8.6',
35 silly install resolved     _shasum: '182164f7d5e1de94ddd797473efd48b57b1f04b4',
35 silly install resolved     _from: 'bcrypt@*',
35 silly install resolved     _npmVersion: '3.8.3',
35 silly install resolved     _nodeVersion: '5.10.1',
35 silly install resolved     _npmUser: { name: 'defunctzombie', email: 'shtylman@gmail.com' },
35 silly install resolved     dist:
35 silly install resolved      { shasum: '182164f7d5e1de94ddd797473efd48b57b1f04b4',
35 silly install resolved        tarball: 'https://registry.npmjs.org/bcrypt/-/bcrypt-0.8.6.tgz' },
35 silly install resolved     maintainers: [ [Object], [Object], [Object], [Object] ],
35 silly install resolved     _npmOperationalInternal:
35 silly install resolved      { host: 'packages-12-west.internal.npmjs.com',
35 silly install resolved        tmp: 'tmp/bcrypt-0.8.6.tgz_1461200578042_0.6844706872943789' },
35 silly install resolved     directories: {},
35 silly install resolved     _resolved: 'https://registry.npmjs.org/bcrypt/-/bcrypt-0.8.6.tgz',
35 silly install resolved     readme: 'ERROR: No README data found!' } ]
36 info install bcrypt@0.8.6 into C:\workspace\accountBook
37 info installOne bcrypt@0.8.6
38 verbose installOne of bcrypt to C:\workspace\accountBook not in flight; installing
39 verbose lock using C:\Users\ktate\AppData\Roaming\npm-cache\_locks\bcrypt-57dd6b571042aea7.lock for C:\workspace\accountBook\node_modules\bcrypt
40 silly install write writing bcrypt 0.8.6 to C:\workspace\accountBook\node_modules\bcrypt
41 silly cache addNamed cb bcrypt@0.8.6
42 verbose unbuild node_modules\bcrypt
43 silly gentlyRm C:\workspace\accountBook\node_modules\bcrypt is being purged from base C:\workspace\accountBook
44 verbose gentlyRm don't care about contents; nuking C:\workspace\accountBook\node_modules\bcrypt
45 verbose tar unpack C:\Users\ktate\AppData\Roaming\npm-cache\bcrypt\0.8.6\package.tgz
46 verbose tar unpacking to C:\workspace\accountBook\node_modules\bcrypt
47 silly gentlyRm C:\workspace\accountBook\node_modules\bcrypt is being purged
48 verbose gentlyRm don't care about contents; nuking C:\workspace\accountBook\node_modules\bcrypt
49 silly gunzTarPerm modes [ '777', '666' ]
50 silly gunzTarPerm extractEntry package.json
51 silly gunzTarPerm modified mode [ 'package.json', 420, 438 ]
52 silly gunzTarPerm extractEntry .npmignore
53 silly gunzTarPerm modified mode [ '.npmignore', 420, 438 ]
54 silly gunzTarPerm extractEntry README.md
55 silly gunzTarPerm modified mode [ 'README.md', 420, 438 ]
56 silly gunzTarPerm extractEntry LICENSE
57 silly gunzTarPerm modified mode [ 'LICENSE', 420, 438 ]
58 silly gunzTarPerm extractEntry bcrypt.js
59 silly gunzTarPerm modified mode [ 'bcrypt.js', 420, 438 ]
60 silly gunzTarPerm extractEntry Makefile
61 silly gunzTarPerm modified mode [ 'Makefile', 420, 438 ]
62 silly gunzTarPerm extractEntry .travis.yml
63 silly gunzTarPerm modified mode [ '.travis.yml', 420, 438 ]
64 silly gunzTarPerm extractEntry CHANGELOG.md
65 silly gunzTarPerm modified mode [ 'CHANGELOG.md', 420, 438 ]
66 silly gunzTarPerm extractEntry binding.gyp
67 silly gunzTarPerm modified mode [ 'binding.gyp', 420, 438 ]
68 silly gunzTarPerm extractEntry examples/async_compare.js
69 silly gunzTarPerm modified mode [ 'examples/async_compare.js', 420, 438 ]
70 silly gunzTarPerm extractEntry examples/forever_gen_salt.js
71 silly gunzTarPerm modified mode [ 'examples/forever_gen_salt.js', 420, 438 ]
72 silly gunzTarPerm extractEntry test/async.js
73 silly gunzTarPerm modified mode [ 'test/async.js', 420, 438 ]
74 silly gunzTarPerm extractEntry test/repetitions.js
75 silly gunzTarPerm modified mode [ 'test/repetitions.js', 420, 438 ]
76 silly gunzTarPerm extractEntry test/sync.js
77 silly gunzTarPerm modified mode [ 'test/sync.js', 420, 438 ]
78 silly gunzTarPerm extractEntry src/bcrypt.cc
79 silly gunzTarPerm modified mode [ 'src/bcrypt.cc', 420, 438 ]
80 silly gunzTarPerm extractEntry src/bcrypt_node.cc
81 silly gunzTarPerm modified mode [ 'src/bcrypt_node.cc', 420, 438 ]
82 silly gunzTarPerm extractEntry src/blowfish.cc
83 silly gunzTarPerm modified mode [ 'src/blowfish.cc', 420, 438 ]
84 silly gunzTarPerm extractEntry src/node_blf.h
85 silly gunzTarPerm modified mode [ 'src/node_blf.h', 420, 438 ]
86 silly gunzTarPerm extractEntry werker.yml
87 silly gunzTarPerm modified mode [ 'werker.yml', 420, 438 ]
88 info preinstall bcrypt@0.8.6
89 silly prepareForInstallMany adding bindings@1.2.1 from bcrypt dependencies
90 silly prepareForInstallMany adding nan@2.2.1 from bcrypt dependencies
91 silly cache add args [ 'bindings@1.2.1', null ]
92 verbose cache add spec bindings@1.2.1
93 silly cache add parsed spec { raw: 'bindings@1.2.1',
93 silly cache add   scope: null,
93 silly cache add   name: 'bindings',
93 silly cache add   rawSpec: '1.2.1',
93 silly cache add   spec: '1.2.1',
93 silly cache add   type: 'version' }
94 verbose addNamed bindings@1.2.1
95 silly addNamed semver.valid 1.2.1
96 silly addNamed semver.validRange 1.2.1
97 silly mapToRegistry name bindings
98 silly mapToRegistry using default registry
99 silly mapToRegistry registry https://registry.npmjs.org/
100 silly mapToRegistry uri https://registry.npmjs.org/bindings
101 verbose addNameVersion registry:https://registry.npmjs.org/bindings not in flight; fetching
102 silly cache add args [ 'nan@2.2.1', null ]
103 verbose cache add spec nan@2.2.1
104 silly cache add parsed spec { raw: 'nan@2.2.1',
104 silly cache add   scope: null,
104 silly cache add   name: 'nan',
104 silly cache add   rawSpec: '2.2.1',
104 silly cache add   spec: '2.2.1',
104 silly cache add   type: 'version' }
105 verbose addNamed nan@2.2.1
106 silly addNamed semver.valid 2.2.1
107 silly addNamed semver.validRange 2.2.1
108 silly mapToRegistry name nan
109 silly mapToRegistry using default registry
110 silly mapToRegistry registry https://registry.npmjs.org/
111 silly mapToRegistry uri https://registry.npmjs.org/nan
112 verbose addNameVersion registry:https://registry.npmjs.org/nan not in flight; fetching
113 verbose request uri https://registry.npmjs.org/bindings
114 verbose request no auth needed
115 info attempt registry request try #1 at 23:32:31
116 verbose etag "1LLBF9OH58DLBEL4629U6032D"
117 http request GET https://registry.npmjs.org/bindings
118 verbose request uri https://registry.npmjs.org/nan
119 verbose request no auth needed
120 info attempt registry request try #1 at 23:32:31
121 verbose etag "24B26O57Z0ASCDVIYEYKA8KVW"
122 http request GET https://registry.npmjs.org/nan
123 http 304 https://registry.npmjs.org/bindings
124 silly get cb [ 304,
124 silly get   { date: 'Mon, 09 May 2016 14:32:35 GMT',
124 silly get     via: '1.1 varnish',
124 silly get     'cache-control': 'max-age=300',
124 silly get     etag: '"1LLBF9OH58DLBEL4629U6032D"',
124 silly get     age: '67',
124 silly get     connection: 'keep-alive',
124 silly get     'x-served-by': 'cache-nrt6126-NRT',
124 silly get     'x-cache': 'HIT',
124 silly get     'x-cache-hits': '1',
124 silly get     'x-timer': 'S1462804355.094179,VS0,VE0',
124 silly get     vary: 'Accept-Encoding' } ]
125 verbose etag https://registry.npmjs.org/bindings from cache
126 verbose get saving bindings to C:\Users\ktate\AppData\Roaming\npm-cache\registry.npmjs.org\bindings\.cache.json
127 http 304 https://registry.npmjs.org/nan
128 silly get cb [ 304,
128 silly get   { date: 'Mon, 09 May 2016 14:32:35 GMT',
128 silly get     via: '1.1 varnish',
128 silly get     'cache-control': 'max-age=300',
128 silly get     etag: '"24B26O57Z0ASCDVIYEYKA8KVW"',
128 silly get     age: '143',
128 silly get     connection: 'keep-alive',
128 silly get     'x-served-by': 'cache-nrt6121-NRT',
128 silly get     'x-cache': 'HIT',
128 silly get     'x-cache-hits': '4',
128 silly get     'x-timer': 'S1462804355.101873,VS0,VE0',
128 silly get     vary: 'Accept-Encoding' } ]
129 verbose etag https://registry.npmjs.org/nan from cache
130 verbose get saving nan to C:\Users\ktate\AppData\Roaming\npm-cache\registry.npmjs.org\nan\.cache.json
131 silly cache afterAdd bindings@1.2.1
132 verbose afterAdd C:\Users\ktate\AppData\Roaming\npm-cache\bindings\1.2.1\package\package.json not in flight; writing
133 verbose afterAdd C:\Users\ktate\AppData\Roaming\npm-cache\bindings\1.2.1\package\package.json written
134 silly cache afterAdd nan@2.2.1
135 verbose afterAdd C:\Users\ktate\AppData\Roaming\npm-cache\nan\2.2.1\package\package.json not in flight; writing
136 verbose afterAdd C:\Users\ktate\AppData\Roaming\npm-cache\nan\2.2.1\package\package.json written
137 silly install resolved [ { name: 'bindings',
137 silly install resolved     description: 'Helper module for loading your native module\'s .node file',
137 silly install resolved     keywords: [ 'native', 'addon', 'bindings', 'gyp', 'waf', 'c', 'c++' ],
137 silly install resolved     version: '1.2.1',
137 silly install resolved     author:
137 silly install resolved      { name: 'Nathan Rajlich',
137 silly install resolved        email: 'nathan@tootallnate.net',
137 silly install resolved        url: 'http://tootallnate.net' },
137 silly install resolved     repository:
137 silly install resolved      { type: 'git',
137 silly install resolved        url: 'git://github.com/TooTallNate/node-bindings.git' },
137 silly install resolved     main: './bindings.js',
137 silly install resolved     bugs: { url: 'https://github.com/TooTallNate/node-bindings/issues' },
137 silly install resolved     homepage: 'https://github.com/TooTallNate/node-bindings',
137 silly install resolved     license: 'MIT',
137 silly install resolved     gitHead: 'e404152ee27f8478ccbc7122ee051246e8e5ec02',
137 silly install resolved     _id: 'bindings@1.2.1',
137 silly install resolved     scripts: {},
137 silly install resolved     _shasum: '14ad6113812d2d37d72e67b4cacb4bb726505f11',
137 silly install resolved     _from: 'bindings@1.2.1',
137 silly install resolved     _npmVersion: '1.4.14',
137 silly install resolved     _npmUser: { name: 'tootallnate', email: 'nathan@tootallnate.net' },
137 silly install resolved     maintainers: [ [Object], [Object] ],
137 silly install resolved     dist:
137 silly install resolved      { shasum: '14ad6113812d2d37d72e67b4cacb4bb726505f11',
137 silly install resolved        tarball: 'https://registry.npmjs.org/bindings/-/bindings-1.2.1.tgz' },
137 silly install resolved     directories: {},
137 silly install resolved     _resolved: 'https://registry.npmjs.org/bindings/-/bindings-1.2.1.tgz',
137 silly install resolved     readme: 'ERROR: No README data found!' },
137 silly install resolved   { name: 'nan',
137 silly install resolved     version: '2.2.1',
137 silly install resolved     description: 'Native Abstractions for Node.js: C++ header for Node 0.8 -> 4 compatibility',
137 silly install resolved     main: 'include_dirs.js',
137 silly install resolved     repository: { type: 'git', url: 'git://github.com/nodejs/nan.git' },
137 silly install resolved     scripts:
137 silly install resolved      { test: 'tap --gc test/js/*-test.js',
137 silly install resolved        'rebuild-tests': 'node-gyp rebuild --msvs_version=2013 --directory test',
137 silly install resolved        docs: 'doc/.build.sh' },
137 silly install resolved     contributors:
137 silly install resolved      [ [Object],
137 silly install resolved        [Object],
137 silly install resolved        [Object],
137 silly install resolved        [Object],
137 silly install resolved        [Object],
137 silly install resolved        [Object],
137 silly install resolved        [Object] ],
137 silly install resolved     devDependencies:
137 silly install resolved      { bindings: '~1.2.1',
137 silly install resolved        commander: '^2.8.1',
137 silly install resolved        glob: '^5.0.14',
137 silly install resolved        'node-gyp': '~3.0.1',
137 silly install resolved        tap: '~0.7.1',
137 silly install resolved        xtend: '~4.0.0' },
137 silly install resolved     license: 'MIT',
137 silly install resolved     bugs: { url: 'https://github.com/nodejs/nan/issues' },
137 silly install resolved     homepage: 'https://github.com/nodejs/nan#readme',
137 silly install resolved     _id: 'nan@2.2.1',
137 silly install resolved     _shasum: 'd68693f6b34bb41d66bc68b3a4f9defc79d7149b',
137 silly install resolved     _resolved: 'https://registry.npmjs.org/nan/-/nan-2.2.1.tgz',
137 silly install resolved     _from: 'nan@2.2.1',
137 silly install resolved     _npmVersion: '3.3.6',
137 silly install resolved     _nodeVersion: '5.0.0',
137 silly install resolved     _npmUser: { name: 'kkoopa', email: 'bbyholm@abo.fi' },
137 silly install resolved     dist:
137 silly install resolved      { shasum: 'd68693f6b34bb41d66bc68b3a4f9defc79d7149b',
137 silly install resolved        tarball: 'https://registry.npmjs.org/nan/-/nan-2.2.1.tgz' },
137 silly install resolved     maintainers: [ [Object], [Object] ],
137 silly install resolved     _npmOperationalInternal:
137 silly install resolved      { host: 'packages-12-west.internal.npmjs.com',
137 silly install resolved        tmp: 'tmp/nan-2.2.1.tgz_1459265439909_0.12396649201400578' },
137 silly install resolved     directories: {},
137 silly install resolved     readme: 'ERROR: No README data found!' } ]
138 info install bindings@1.2.1 into C:\workspace\accountBook\node_modules\bcrypt
139 info install nan@2.2.1 into C:\workspace\accountBook\node_modules\bcrypt
140 info installOne bindings@1.2.1
141 verbose installOne of bindings to C:\workspace\accountBook\node_modules\bcrypt not in flight; installing
142 info installOne nan@2.2.1
143 verbose installOne of nan to C:\workspace\accountBook\node_modules\bcrypt not in flight; installing
144 verbose lock using C:\Users\ktate\AppData\Roaming\npm-cache\_locks\bindings-e98e3fe9a430ea45.lock for C:\workspace\accountBook\node_modules\bcrypt\node_modules\bindings
145 verbose lock using C:\Users\ktate\AppData\Roaming\npm-cache\_locks\nan-0d466a0a202732fe.lock for C:\workspace\accountBook\node_modules\bcrypt\node_modules\nan
146 silly install write writing bindings 1.2.1 to C:\workspace\accountBook\node_modules\bcrypt\node_modules\bindings
147 silly cache addNamed cb bindings@1.2.1
148 verbose unbuild node_modules\bcrypt\node_modules\bindings
149 silly install write writing nan 2.2.1 to C:\workspace\accountBook\node_modules\bcrypt\node_modules\nan
150 silly cache addNamed cb nan@2.2.1
151 verbose unbuild node_modules\bcrypt\node_modules\nan
152 silly gentlyRm C:\workspace\accountBook\node_modules\bcrypt\node_modules\bindings is being purged from base C:\workspace\accountBook
153 verbose gentlyRm don't care about contents; nuking C:\workspace\accountBook\node_modules\bcrypt\node_modules\bindings
154 silly gentlyRm C:\workspace\accountBook\node_modules\bcrypt\node_modules\nan is being purged from base C:\workspace\accountBook
155 verbose gentlyRm don't care about contents; nuking C:\workspace\accountBook\node_modules\bcrypt\node_modules\nan
156 verbose tar unpack C:\Users\ktate\AppData\Roaming\npm-cache\bindings\1.2.1\package.tgz
157 verbose tar unpacking to C:\workspace\accountBook\node_modules\bcrypt\node_modules\bindings
158 silly gentlyRm C:\workspace\accountBook\node_modules\bcrypt\node_modules\bindings is being purged
159 verbose gentlyRm don't care about contents; nuking C:\workspace\accountBook\node_modules\bcrypt\node_modules\bindings
160 verbose tar unpack C:\Users\ktate\AppData\Roaming\npm-cache\nan\2.2.1\package.tgz
161 verbose tar unpacking to C:\workspace\accountBook\node_modules\bcrypt\node_modules\nan
162 silly gentlyRm C:\workspace\accountBook\node_modules\bcrypt\node_modules\nan is being purged
163 verbose gentlyRm don't care about contents; nuking C:\workspace\accountBook\node_modules\bcrypt\node_modules\nan
164 silly gunzTarPerm modes [ '777', '666' ]
165 silly gunzTarPerm modes [ '777', '666' ]
166 silly gunzTarPerm extractEntry package.json
167 silly gunzTarPerm modified mode [ 'package.json', 420, 438 ]
168 silly gunzTarPerm extractEntry package.json
169 silly gunzTarPerm modified mode [ 'package.json', 436, 438 ]
170 silly gunzTarPerm extractEntry README.md
171 silly gunzTarPerm modified mode [ 'README.md', 420, 438 ]
172 silly gunzTarPerm extractEntry bindings.js
173 silly gunzTarPerm modified mode [ 'bindings.js', 420, 438 ]
174 silly gunzTarPerm extractEntry include_dirs.js
175 silly gunzTarPerm modified mode [ 'include_dirs.js', 436, 438 ]
176 silly gunzTarPerm extractEntry nan_converters.h
177 silly gunzTarPerm modified mode [ 'nan_converters.h', 436, 438 ]
178 silly gunzTarPerm extractEntry LICENSE.md
179 silly gunzTarPerm modified mode [ 'LICENSE.md', 436, 438 ]
180 silly gunzTarPerm extractEntry .dntrc
181 silly gunzTarPerm modified mode [ '.dntrc', 436, 438 ]
182 silly gunzTarPerm extractEntry appveyor.yml
183 silly gunzTarPerm modified mode [ 'appveyor.yml', 436, 438 ]
184 silly gunzTarPerm extractEntry doc/new.md
185 silly gunzTarPerm modified mode [ 'doc/new.md', 436, 438 ]
186 silly gunzTarPerm extractEntry doc/.build.sh
187 silly gunzTarPerm modified mode [ 'doc/.build.sh', 509, 511 ]
188 info preinstall bindings@1.2.1
189 silly install resolved []
190 verbose about to build C:\workspace\accountBook\node_modules\bcrypt\node_modules\bindings
191 info build C:\workspace\accountBook\node_modules\bcrypt\node_modules\bindings
192 verbose linkStuff [ false,
192 verbose linkStuff   false,
192 verbose linkStuff   false,
192 verbose linkStuff   'C:\\workspace\\accountBook\\node_modules\\bcrypt\\node_modules' ]
193 info linkStuff bindings@1.2.1
194 verbose linkBins bindings@1.2.1
195 verbose linkMans bindings@1.2.1
196 verbose rebuildBundles bindings@1.2.1
197 silly gunzTarPerm extractEntry doc/buffers.md
198 silly gunzTarPerm modified mode [ 'doc/buffers.md', 436, 438 ]
199 silly gunzTarPerm extractEntry doc/callback.md
200 silly gunzTarPerm modified mode [ 'doc/callback.md', 436, 438 ]
201 info install bindings@1.2.1
202 info postinstall bindings@1.2.1
203 verbose unlock done using C:\Users\ktate\AppData\Roaming\npm-cache\_locks\bindings-e98e3fe9a430ea45.lock for C:\workspace\accountBook\node_modules\bcrypt\node_modules\bindings
204 silly gunzTarPerm extractEntry doc/converters.md
205 silly gunzTarPerm modified mode [ 'doc/converters.md', 436, 438 ]
206 silly gunzTarPerm extractEntry doc/errors.md
207 silly gunzTarPerm modified mode [ 'doc/errors.md', 436, 438 ]
208 silly gunzTarPerm extractEntry doc/maybe_types.md
209 silly gunzTarPerm modified mode [ 'doc/maybe_types.md', 436, 438 ]
210 silly gunzTarPerm extractEntry doc/methods.md
211 silly gunzTarPerm modified mode [ 'doc/methods.md', 436, 438 ]
212 silly gunzTarPerm extractEntry doc/asyncworker.md
213 silly gunzTarPerm modified mode [ 'doc/asyncworker.md', 436, 438 ]
214 silly gunzTarPerm extractEntry doc/node_misc.md
215 silly gunzTarPerm modified mode [ 'doc/node_misc.md', 436, 438 ]
216 silly gunzTarPerm extractEntry doc/object_wrappers.md
217 silly gunzTarPerm modified mode [ 'doc/object_wrappers.md', 436, 438 ]
218 silly gunzTarPerm extractEntry doc/persistent.md
219 silly gunzTarPerm modified mode [ 'doc/persistent.md', 436, 438 ]
220 silly gunzTarPerm extractEntry doc/scopes.md
221 silly gunzTarPerm modified mode [ 'doc/scopes.md', 436, 438 ]
222 silly gunzTarPerm extractEntry doc/script.md
223 silly gunzTarPerm modified mode [ 'doc/script.md', 436, 438 ]
224 silly gunzTarPerm extractEntry doc/string_bytes.md
225 silly gunzTarPerm modified mode [ 'doc/string_bytes.md', 436, 438 ]
226 silly gunzTarPerm extractEntry doc/v8_internals.md
227 silly gunzTarPerm modified mode [ 'doc/v8_internals.md', 436, 438 ]
228 silly gunzTarPerm extractEntry doc/v8_misc.md
229 silly gunzTarPerm modified mode [ 'doc/v8_misc.md', 436, 438 ]
230 silly gunzTarPerm extractEntry nan.h
231 silly gunzTarPerm modified mode [ 'nan.h', 436, 438 ]
232 silly gunzTarPerm extractEntry nan_callbacks.h
233 silly gunzTarPerm modified mode [ 'nan_callbacks.h', 436, 438 ]
234 silly gunzTarPerm extractEntry nan_callbacks_12_inl.h
235 silly gunzTarPerm modified mode [ 'nan_callbacks_12_inl.h', 436, 438 ]
236 silly gunzTarPerm extractEntry nan_callbacks_pre_12_inl.h
237 silly gunzTarPerm modified mode [ 'nan_callbacks_pre_12_inl.h', 436, 438 ]
238 silly gunzTarPerm extractEntry nan_converters_43_inl.h
239 silly gunzTarPerm modified mode [ 'nan_converters_43_inl.h', 436, 438 ]
240 silly gunzTarPerm extractEntry nan_converters_pre_43_inl.h
241 silly gunzTarPerm modified mode [ 'nan_converters_pre_43_inl.h', 436, 438 ]
242 silly gunzTarPerm extractEntry nan_implementation_12_inl.h
243 silly gunzTarPerm modified mode [ 'nan_implementation_12_inl.h', 436, 438 ]
244 silly gunzTarPerm extractEntry nan_implementation_pre_12_inl.h
245 silly gunzTarPerm modified mode [ 'nan_implementation_pre_12_inl.h', 436, 438 ]
246 silly gunzTarPerm extractEntry nan_maybe_43_inl.h
247 silly gunzTarPerm modified mode [ 'nan_maybe_43_inl.h', 436, 438 ]
248 silly gunzTarPerm extractEntry nan_maybe_pre_43_inl.h
249 silly gunzTarPerm modified mode [ 'nan_maybe_pre_43_inl.h', 436, 438 ]
250 silly gunzTarPerm extractEntry nan_new.h
251 silly gunzTarPerm modified mode [ 'nan_new.h', 436, 438 ]
252 silly gunzTarPerm extractEntry nan_object_wrap.h
253 silly gunzTarPerm modified mode [ 'nan_object_wrap.h', 436, 438 ]
254 silly gunzTarPerm extractEntry nan_persistent_12_inl.h
255 silly gunzTarPerm modified mode [ 'nan_persistent_12_inl.h', 436, 438 ]
256 silly gunzTarPerm extractEntry nan_persistent_pre_12_inl.h
257 silly gunzTarPerm modified mode [ 'nan_persistent_pre_12_inl.h', 436, 438 ]
258 silly gunzTarPerm extractEntry nan_string_bytes.h
259 silly gunzTarPerm modified mode [ 'nan_string_bytes.h', 436, 438 ]
260 silly gunzTarPerm extractEntry nan_typedarray_contents.h
261 silly gunzTarPerm modified mode [ 'nan_typedarray_contents.h', 436, 438 ]
262 silly gunzTarPerm extractEntry nan_weak.h
263 silly gunzTarPerm modified mode [ 'nan_weak.h', 436, 438 ]
264 silly gunzTarPerm extractEntry CHANGELOG.md
265 silly gunzTarPerm modified mode [ 'CHANGELOG.md', 436, 438 ]
266 silly gunzTarPerm extractEntry tools/package.json
267 silly gunzTarPerm modified mode [ 'tools/package.json', 436, 438 ]
268 silly gunzTarPerm extractEntry tools/README.md
269 silly gunzTarPerm modified mode [ 'tools/README.md', 436, 438 ]
270 silly gunzTarPerm extractEntry tools/1to2.js
271 silly gunzTarPerm modified mode [ 'tools/1to2.js', 509, 511 ]
272 info preinstall nan@2.2.1
273 silly install resolved []
274 verbose about to build C:\workspace\accountBook\node_modules\bcrypt\node_modules\nan
275 info build C:\workspace\accountBook\node_modules\bcrypt\node_modules\nan
276 verbose linkStuff [ false,
276 verbose linkStuff   false,
276 verbose linkStuff   false,
276 verbose linkStuff   'C:\\workspace\\accountBook\\node_modules\\bcrypt\\node_modules' ]
277 info linkStuff nan@2.2.1
278 verbose linkBins nan@2.2.1
279 verbose linkMans nan@2.2.1
280 verbose rebuildBundles nan@2.2.1
281 info install nan@2.2.1
282 info postinstall nan@2.2.1
283 verbose unlock done using C:\Users\ktate\AppData\Roaming\npm-cache\_locks\nan-0d466a0a202732fe.lock for C:\workspace\accountBook\node_modules\bcrypt\node_modules\nan
284 verbose about to build C:\workspace\accountBook\node_modules\bcrypt
285 info build C:\workspace\accountBook\node_modules\bcrypt
286 verbose linkStuff [ false,
286 verbose linkStuff   false,
286 verbose linkStuff   false,
286 verbose linkStuff   'C:\\workspace\\accountBook\\node_modules' ]
287 info linkStuff bcrypt@0.8.6
288 verbose linkBins bcrypt@0.8.6
289 verbose linkMans bcrypt@0.8.6
290 verbose rebuildBundles bcrypt@0.8.6
291 verbose rebuildBundles [ 'bindings', 'nan' ]
292 info install bcrypt@0.8.6
293 verbose unsafe-perm in lifecycle true
294 info bcrypt@0.8.6 Failed to exec install script
295 verbose unlock done using C:\Users\ktate\AppData\Roaming\npm-cache\_locks\bcrypt-57dd6b571042aea7.lock for C:\workspace\accountBook\node_modules\bcrypt
296 verbose stack Error: bcrypt@0.8.6 install: `node-gyp rebuild`
296 verbose stack Exit status 1
296 verbose stack     at EventEmitter.<anonymous> (C:\Program Files (x86)\nodejs\node_modules\npm\lib\utils\lifecycle.js:213:16)
296 verbose stack     at EventEmitter.emit (events.js:110:17)
296 verbose stack     at ChildProcess.<anonymous> (C:\Program Files (x86)\nodejs\node_modules\npm\lib\utils\spawn.js:14:12)
296 verbose stack     at ChildProcess.emit (events.js:110:17)
296 verbose stack     at maybeClose (child_process.js:1015:16)
296 verbose stack     at Process.ChildProcess._handle.onexit (child_process.js:1087:5)
297 verbose pkgid bcrypt@0.8.6
298 verbose cwd C:\workspace\accountBook
299 error Windows_NT 6.3.9600
300 error argv "C:\\Program Files (x86)\\nodejs\\\\node.exe" "C:\\Program Files (x86)\\nodejs\\node_modules\\npm\\bin\\npm-cli.js" "install" "bcrypt"
301 error node v0.12.2
302 error npm  v2.7.4
303 error code ELIFECYCLE
304 error bcrypt@0.8.6 install: `node-gyp rebuild`
304 error Exit status 1
305 error Failed at the bcrypt@0.8.6 install script 'node-gyp rebuild'.
305 error This is most likely a problem with the bcrypt package,
305 error not with npm itself.
305 error Tell the author that this fails on your system:
305 error     node-gyp rebuild
305 error You can get their info via:
305 error     npm owner ls bcrypt
305 error There is likely additional logging output above.
306 verbose exit [ 1, true ]
307 verbose unbuild node_modules\bcrypt
308 info preuninstall bcrypt@0.8.6
309 info uninstall bcrypt@0.8.6
310 verbose unbuild rmStuff bcrypt@0.8.6 from C:\workspace\accountBook\node_modules
311 info postuninstall bcrypt@0.8.6
312 silly gentlyRm C:\workspace\accountBook\node_modules\bcrypt is being purged from base C:\workspace\accountBook
313 verbose gentlyRm don't care about contents; nuking C:\workspace\accountBook\node_modules\bcrypt
314 silly vacuum-fs purging C:\workspace\accountBook\node_modules\bcrypt
315 silly vacuum-fs quitting because other entries in C:\workspace\accountBook\node_modules
